<?xml version="1.0" encoding="UTF-8"?>
<!-- Generated by org.testng.reporters.JUnitXMLReporter -->
<testsuite ignored="0" hostname="JOGI" failures="0" tests="7" name="Test" time="202.604" errors="0" timestamp="2023-10-09T22:02:18 IST">
  <testcase classname="egifts.EditProfile" name="edit" time="30.341"/>
  <testcase classname="egifts.SearchG" name="search" time="19.987"/>
  <testcase classname="egifts.OrderHistrory" name="history" time="22.164"/>
  <testcase classname="egifts.SignupG" name="sign" time="25.676"/>
  <testcase classname="egifts.Logout" name="out" time="28.957"/>
  <testcase classname="egifts.GiftYourself" name="gift" time="40.519"/>
  <testcase classname="egifts.GiftaFriend" name="giftf" time="30.79"/>
</testsuite> <!-- Test -->
